<?xml version="1.0" encoding="UTF-8"?>
<!-- Generated by org.testng.reporters.JUnitXMLReporter -->
<testsuite hostname="MacBook-Pro-de-Javier.local" name="Nexus5Blanco" tests="4" failures="0" timestamp="1 Jun 2015 18:21:07 GMT" time="75.292" errors="0">
  <testcase name="TC001" time="16.724" classname="com.mo2o.mcfc.testcases.DatosExistentes"/>
  <testcase name="TC001" time="0.001" classname="com.mo2o.mcfc.testcases.DatosExistentes"/>
  <testcase name="TC002" time="0.001" classname="com.mo2o.mcfc.testcases.DatosExistentes"/>
  <testcase name="TC002" time="18.821" classname="com.mo2o.mcfc.testcases.DatosExistentes"/>
</testsuite> <!-- Nexus5Blanco -->
