<?xml version="1.0" encoding="UTF-8"?>
<!-- Generated by org.testng.reporters.JUnitXMLReporter -->
<testsuite hostname="MacBook-Pro-de-Javier.local" name="SGSV 5.0" tests="4" failures="0" timestamp="1 Jun 2015 18:21:15 GMT" time="83.324" errors="0">
  <testcase name="TC001" time="21.182" classname="com.mo2o.mcfc.testcases.DatosExistentes"/>
  <testcase name="TC001" time="0.001" classname="com.mo2o.mcfc.testcases.DatosExistentes"/>
  <testcase name="TC002" time="0.001" classname="com.mo2o.mcfc.testcases.DatosExistentes"/>
  <testcase name="TC002" time="20.95" classname="com.mo2o.mcfc.testcases.DatosExistentes"/>
</testsuite> <!-- SGSV 5.0 -->
