<?xml version="1.0" encoding="UTF-8"?>
<testng-results skipped="4" failed="0" total="12" passed="8">
  <reporter-output>
  </reporter-output>
  <suite name="Suite" duration-ms="83324" started-at="2015-06-01T18:19:52Z" finished-at="2015-06-01T18:21:15Z">
    <groups>
    </groups>
    <test name="Note4Curve" duration-ms="6518" started-at="2015-06-01T18:19:52Z" finished-at="2015-06-01T18:19:59Z">
      <class name="com.mo2o.mcfc.testcases.DatosExistentes">
        <test-method status="FAIL" signature="setupCapabilities(java.lang.String)[pri:0, instance:com.mo2o.mcfc.testcases.DatosExistentes@9ce9aa3]" name="setupCapabilities" is-config="true" duration-ms="0" started-at="2015-06-01T20:19:52Z" finished-at="2015-06-01T20:19:52Z">
          <params>
            <param index="0">
              <value>
                <![CDATA[dd69d033]]>
              </value>
            </param>
          </params>
          <exception class="org.openqa.selenium.SessionNotCreatedException">
            <message>
              <![CDATA[A new session could not be created. (Original error: The following desired capabilities are required, but were not provided: deviceName) (WARNING: The server did not provide any stacktrace information)
Command duration or timeout: 323 milliseconds
Build info: version: '2.45.0', revision: '5017cb8', time: '2015-02-26 23:59:50'
System info: host: 'MacBook-Pro-de-Javier.local', ip: '10.1.1.174', os.name: 'Mac OS X', os.arch: 'x86_64', os.version: '10.10.2', java.version: '1.7.0_51'
Driver info: io.appium.java_client.android.AndroidDriver]]>
            </message>
            <full-stacktrace>
              <![CDATA[org.openqa.selenium.SessionNotCreatedException: A new session could not be created. (Original error: The following desired capabilities are required, but were not provided: deviceName) (WARNING: The server did not provide any stacktrace information)
Command duration or timeout: 323 milliseconds
Build info: version: '2.45.0', revision: '5017cb8', time: '2015-02-26 23:59:50'
System info: host: 'MacBook-Pro-de-Javier.local', ip: '10.1.1.174', os.name: 'Mac OS X', os.arch: 'x86_64', os.version: '10.10.2', java.version: '1.7.0_51'
Driver info: io.appium.java_client.android.AndroidDriver
	at sun.reflect.NativeConstructorAccessorImpl.newInstance0(Native Method)
	at sun.reflect.NativeConstructorAccessorImpl.newInstance(NativeConstructorAccessorImpl.java:57)
	at sun.reflect.DelegatingConstructorAccessorImpl.newInstance(DelegatingConstructorAccessorImpl.java:45)
	at java.lang.reflect.Constructor.newInstance(Constructor.java:526)
	at org.openqa.selenium.remote.ErrorHandler.createThrowable(ErrorHandler.java:204)
	at org.openqa.selenium.remote.ErrorHandler.throwIfResponseFailed(ErrorHandler.java:156)
	at org.openqa.selenium.remote.RemoteWebDriver.execute(RemoteWebDriver.java:599)
	at io.appium.java_client.AppiumDriver.execute(AppiumDriver.java:180)
	at org.openqa.selenium.remote.RemoteWebDriver.startSession(RemoteWebDriver.java:240)
	at org.openqa.selenium.remote.RemoteWebDriver.<init>(RemoteWebDriver.java:126)
	at org.openqa.selenium.remote.RemoteWebDriver.<init>(RemoteWebDriver.java:153)
	at io.appium.java_client.AppiumDriver.<init>(AppiumDriver.java:109)
	at io.appium.java_client.android.AndroidDriver.<init>(AndroidDriver.java:39)
	at com.mo2o.mcfc.testcases.TestBase.setupCapabilities(TestBase.java:46)
	at sun.reflect.NativeMethodAccessorImpl.invoke0(Native Method)
	at sun.reflect.NativeMethodAccessorImpl.invoke(NativeMethodAccessorImpl.java:57)
	at sun.reflect.DelegatingMethodAccessorImpl.invoke(DelegatingMethodAccessorImpl.java:43)
	at java.lang.reflect.Method.invoke(Method.java:606)
	at org.testng.internal.MethodInvocationHelper.invokeMethod(MethodInvocationHelper.java:84)
	at org.testng.internal.Invoker.invokeConfigurationMethod(Invoker.java:564)
	at org.testng.internal.Invoker.invokeConfigurations(Invoker.java:213)
	at org.testng.internal.Invoker.invokeMethod(Invoker.java:653)
	at org.testng.internal.Invoker.invokeTestMethod(Invoker.java:901)
	at org.testng.internal.Invoker.invokeTestMethods(Invoker.java:1231)
	at org.testng.internal.TestMethodWorker.invokeTestMethods(TestMethodWorker.java:127)
	at org.testng.internal.TestMethodWorker.run(TestMethodWorker.java:111)
	at org.testng.TestRunner.privateRun(TestRunner.java:767)
	at org.testng.TestRunner.run(TestRunner.java:617)
	at org.testng.SuiteRunner.runTest(SuiteRunner.java:334)
	at org.testng.SuiteRunner.access$000(SuiteRunner.java:37)
	at org.testng.SuiteRunner$SuiteWorker.run(SuiteRunner.java:368)
	at org.testng.internal.thread.ThreadUtil$2.call(ThreadUtil.java:64)
	at java.util.concurrent.FutureTask.run(FutureTask.java:262)
	at java.util.concurrent.ThreadPoolExecutor.runWorker(ThreadPoolExecutor.java:1145)
	at java.util.concurrent.ThreadPoolExecutor$Worker.run(ThreadPoolExecutor.java:615)
	at java.lang.Thread.run(Thread.java:744)
]]>
            </full-stacktrace>
          </exception> <!-- org.openqa.selenium.SessionNotCreatedException -->
          <reporter-output>
          </reporter-output>
        </test-method> <!-- setupCapabilities -->
        <test-method status="SKIP" signature="TC001(java.lang.String, java.lang.String, java.lang.String, java.lang.String, java.lang.String, java.lang.reflect.Method)[pri:0, instance:com.mo2o.mcfc.testcases.DatosExistentes@9ce9aa3]" name="TC001" duration-ms="2" started-at="2015-06-01T20:19:58Z" data-provider="DP1" finished-at="2015-06-01T20:19:58Z">
          <params>
            <param index="0">
              <value>
                <![CDATA[TC001]]>
              </value>
            </param>
            <param index="1">
              <value>
                <![CDATA[javier@mo2o.com]]>
              </value>
            </param>
            <param index="2">
              <value>
                <![CDATA[garbanzo]]>
              </value>
            </param>
            <param index="3">
              <value>
                <![CDATA[]]>
              </value>
            </param>
            <param index="4">
              <value>
                <![CDATA[]]>
              </value>
            </param>
            <param index="5">
              <value>
                <![CDATA[public void com.mo2o.mcfc.testcases.DatosExistentes.TC001(java.lang.String,java.lang.String,java.lang.String,java.lang.String,java.lang.String,java.lang.reflect.Method) throws java.lang.Exception]]>
              </value>
            </param>
          </params>
          <reporter-output>
          </reporter-output>
        </test-method> <!-- TC001 -->
        <test-method status="SKIP" signature="close()[pri:0, instance:com.mo2o.mcfc.testcases.DatosExistentes@9ce9aa3]" name="close" is-config="true" duration-ms="0" started-at="2015-06-01T20:19:58Z" finished-at="2015-06-01T20:19:58Z">
          <reporter-output>
          </reporter-output>
        </test-method> <!-- close -->
        <test-method status="SKIP" signature="setupCapabilities(java.lang.String)[pri:0, instance:com.mo2o.mcfc.testcases.DatosExistentes@9ce9aa3]" name="setupCapabilities" is-config="true" duration-ms="0" started-at="2015-06-01T20:19:58Z" finished-at="2015-06-01T20:19:58Z">
          <reporter-output>
          </reporter-output>
        </test-method> <!-- setupCapabilities -->
        <test-method status="SKIP" signature="TC001(java.lang.String, java.lang.String, java.lang.String, java.lang.String, java.lang.String, java.lang.reflect.Method)[pri:0, instance:com.mo2o.mcfc.testcases.DatosExistentes@9ce9aa3]" name="TC001" duration-ms="2" started-at="2015-06-01T20:19:58Z" data-provider="DP1" finished-at="2015-06-01T20:19:58Z">
          <params>
            <param index="0">
              <value>
                <![CDATA[TC002]]>
              </value>
            </param>
            <param index="1">
              <value is-null="true"/>
            </param>
            <param index="2">
              <value is-null="true"/>
            </param>
            <param index="3">
              <value is-null="true"/>
            </param>
            <param index="4">
              <value is-null="true"/>
            </param>
            <param index="5">
              <value>
                <![CDATA[public void com.mo2o.mcfc.testcases.DatosExistentes.TC001(java.lang.String,java.lang.String,java.lang.String,java.lang.String,java.lang.String,java.lang.reflect.Method) throws java.lang.Exception]]>
              </value>
            </param>
          </params>
          <reporter-output>
          </reporter-output>
        </test-method> <!-- TC001 -->
        <test-method status="SKIP" signature="close()[pri:0, instance:com.mo2o.mcfc.testcases.DatosExistentes@9ce9aa3]" name="close" is-config="true" duration-ms="0" started-at="2015-06-01T20:19:58Z" finished-at="2015-06-01T20:19:58Z">
          <reporter-output>
          </reporter-output>
        </test-method> <!-- close -->
        <test-method status="SKIP" signature="setupCapabilities(java.lang.String)[pri:0, instance:com.mo2o.mcfc.testcases.DatosExistentes@9ce9aa3]" name="setupCapabilities" is-config="true" duration-ms="0" started-at="2015-06-01T20:19:59Z" finished-at="2015-06-01T20:19:59Z">
          <reporter-output>
          </reporter-output>
        </test-method> <!-- setupCapabilities -->
        <test-method status="SKIP" signature="TC002(java.lang.String, java.lang.String, java.lang.String, java.lang.String, java.lang.String, java.lang.reflect.Method)[pri:0, instance:com.mo2o.mcfc.testcases.DatosExistentes@9ce9aa3]" name="TC002" duration-ms="2" started-at="2015-06-01T20:19:59Z" data-provider="DP1" finished-at="2015-06-01T20:19:59Z">
          <params>
            <param index="0">
              <value>
                <![CDATA[TC001]]>
              </value>
            </param>
            <param index="1">
              <value is-null="true"/>
            </param>
            <param index="2">
              <value is-null="true"/>
            </param>
            <param index="3">
              <value is-null="true"/>
            </param>
            <param index="4">
              <value is-null="true"/>
            </param>
            <param index="5">
              <value>
                <![CDATA[public void com.mo2o.mcfc.testcases.DatosExistentes.TC002(java.lang.String,java.lang.String,java.lang.String,java.lang.String,java.lang.String,java.lang.reflect.Method) throws java.lang.Exception]]>
              </value>
            </param>
          </params>
          <reporter-output>
          </reporter-output>
        </test-method> <!-- TC002 -->
        <test-method status="SKIP" signature="close()[pri:0, instance:com.mo2o.mcfc.testcases.DatosExistentes@9ce9aa3]" name="close" is-config="true" duration-ms="0" started-at="2015-06-01T20:19:59Z" finished-at="2015-06-01T20:19:59Z">
          <reporter-output>
          </reporter-output>
        </test-method> <!-- close -->
        <test-method status="SKIP" signature="setupCapabilities(java.lang.String)[pri:0, instance:com.mo2o.mcfc.testcases.DatosExistentes@9ce9aa3]" name="setupCapabilities" is-config="true" duration-ms="0" started-at="2015-06-01T20:19:59Z" finished-at="2015-06-01T20:19:59Z">
          <reporter-output>
          </reporter-output>
        </test-method> <!-- setupCapabilities -->
        <test-method status="SKIP" signature="TC002(java.lang.String, java.lang.String, java.lang.String, java.lang.String, java.lang.String, java.lang.reflect.Method)[pri:0, instance:com.mo2o.mcfc.testcases.DatosExistentes@9ce9aa3]" name="TC002" duration-ms="1" started-at="2015-06-01T20:19:59Z" data-provider="DP1" finished-at="2015-06-01T20:19:59Z">
          <params>
            <param index="0">
              <value>
                <![CDATA[TC002]]>
              </value>
            </param>
            <param index="1">
              <value>
                <![CDATA[javier@mo2o.com]]>
              </value>
            </param>
            <param index="2">
              <value>
                <![CDATA[garbanzo1]]>
              </value>
            </param>
            <param index="3">
              <value>
                <![CDATA[]]>
              </value>
            </param>
            <param index="4">
              <value>
                <![CDATA[]]>
              </value>
            </param>
            <param index="5">
              <value>
                <![CDATA[public void com.mo2o.mcfc.testcases.DatosExistentes.TC002(java.lang.String,java.lang.String,java.lang.String,java.lang.String,java.lang.String,java.lang.reflect.Method) throws java.lang.Exception]]>
              </value>
            </param>
          </params>
          <reporter-output>
          </reporter-output>
        </test-method> <!-- TC002 -->
        <test-method status="SKIP" signature="close()[pri:0, instance:com.mo2o.mcfc.testcases.DatosExistentes@9ce9aa3]" name="close" is-config="true" duration-ms="0" started-at="2015-06-01T20:19:59Z" finished-at="2015-06-01T20:19:59Z">
          <reporter-output>
          </reporter-output>
        </test-method> <!-- close -->
      </class> <!-- com.mo2o.mcfc.testcases.DatosExistentes -->
    </test> <!-- Note4Curve -->
    <test name="Nexus5Blanco" duration-ms="75292" started-at="2015-06-01T18:19:52Z" finished-at="2015-06-01T18:21:07Z">
      <class name="com.mo2o.mcfc.testcases.DatosExistentes">
        <test-method status="PASS" signature="setupCapabilities(java.lang.String)[pri:0, instance:com.mo2o.mcfc.testcases.DatosExistentes@3774c880]" name="setupCapabilities" is-config="true" duration-ms="9697" started-at="2015-06-01T20:19:52Z" finished-at="2015-06-01T20:20:02Z">
          <params>
            <param index="0">
              <value>
                <![CDATA[030ed56ad02398ac]]>
              </value>
            </param>
          </params>
          <reporter-output>
          </reporter-output>
        </test-method> <!-- setupCapabilities -->
        <test-method status="PASS" signature="TC001(java.lang.String, java.lang.String, java.lang.String, java.lang.String, java.lang.String, java.lang.reflect.Method)[pri:0, instance:com.mo2o.mcfc.testcases.DatosExistentes@3774c880]" name="TC001" duration-ms="16724" started-at="2015-06-01T20:20:02Z" data-provider="DP1" finished-at="2015-06-01T20:20:19Z">
          <params>
            <param index="0">
              <value>
                <![CDATA[TC001]]>
              </value>
            </param>
            <param index="1">
              <value>
                <![CDATA[javier@mo2o.com]]>
              </value>
            </param>
            <param index="2">
              <value>
                <![CDATA[garbanzo]]>
              </value>
            </param>
            <param index="3">
              <value>
                <![CDATA[]]>
              </value>
            </param>
            <param index="4">
              <value>
                <![CDATA[]]>
              </value>
            </param>
            <param index="5">
              <value>
                <![CDATA[public void com.mo2o.mcfc.testcases.DatosExistentes.TC001(java.lang.String,java.lang.String,java.lang.String,java.lang.String,java.lang.String,java.lang.reflect.Method) throws java.lang.Exception]]>
              </value>
            </param>
          </params>
          <reporter-output>
          </reporter-output>
        </test-method> <!-- TC001 -->
        <test-method status="PASS" signature="close()[pri:0, instance:com.mo2o.mcfc.testcases.DatosExistentes@3774c880]" name="close" is-config="true" duration-ms="683" started-at="2015-06-01T20:20:19Z" finished-at="2015-06-01T20:20:20Z">
          <reporter-output>
          </reporter-output>
        </test-method> <!-- close -->
        <test-method status="PASS" signature="setupCapabilities(java.lang.String)[pri:0, instance:com.mo2o.mcfc.testcases.DatosExistentes@3774c880]" name="setupCapabilities" is-config="true" duration-ms="8763" started-at="2015-06-01T20:20:20Z" finished-at="2015-06-01T20:20:28Z">
          <params>
            <param index="0">
              <value>
                <![CDATA[030ed56ad02398ac]]>
              </value>
            </param>
          </params>
          <reporter-output>
          </reporter-output>
        </test-method> <!-- setupCapabilities -->
        <test-method status="PASS" signature="TC001(java.lang.String, java.lang.String, java.lang.String, java.lang.String, java.lang.String, java.lang.reflect.Method)[pri:0, instance:com.mo2o.mcfc.testcases.DatosExistentes@3774c880]" name="TC001" duration-ms="1" started-at="2015-06-01T20:20:28Z" data-provider="DP1" finished-at="2015-06-01T20:20:28Z">
          <params>
            <param index="0">
              <value>
                <![CDATA[TC002]]>
              </value>
            </param>
            <param index="1">
              <value is-null="true"/>
            </param>
            <param index="2">
              <value is-null="true"/>
            </param>
            <param index="3">
              <value is-null="true"/>
            </param>
            <param index="4">
              <value is-null="true"/>
            </param>
            <param index="5">
              <value>
                <![CDATA[public void com.mo2o.mcfc.testcases.DatosExistentes.TC001(java.lang.String,java.lang.String,java.lang.String,java.lang.String,java.lang.String,java.lang.reflect.Method) throws java.lang.Exception]]>
              </value>
            </param>
          </params>
          <reporter-output>
          </reporter-output>
        </test-method> <!-- TC001 -->
        <test-method status="PASS" signature="close()[pri:0, instance:com.mo2o.mcfc.testcases.DatosExistentes@3774c880]" name="close" is-config="true" duration-ms="797" started-at="2015-06-01T20:20:28Z" finished-at="2015-06-01T20:20:29Z">
          <reporter-output>
          </reporter-output>
        </test-method> <!-- close -->
        <test-method status="PASS" signature="setupCapabilities(java.lang.String)[pri:0, instance:com.mo2o.mcfc.testcases.DatosExistentes@3774c880]" name="setupCapabilities" is-config="true" duration-ms="8854" started-at="2015-06-01T20:20:29Z" finished-at="2015-06-01T20:20:38Z">
          <params>
            <param index="0">
              <value>
                <![CDATA[030ed56ad02398ac]]>
              </value>
            </param>
          </params>
          <reporter-output>
          </reporter-output>
        </test-method> <!-- setupCapabilities -->
        <test-method status="PASS" signature="TC002(java.lang.String, java.lang.String, java.lang.String, java.lang.String, java.lang.String, java.lang.reflect.Method)[pri:0, instance:com.mo2o.mcfc.testcases.DatosExistentes@3774c880]" name="TC002" duration-ms="1" started-at="2015-06-01T20:20:38Z" data-provider="DP1" finished-at="2015-06-01T20:20:38Z">
          <params>
            <param index="0">
              <value>
                <![CDATA[TC001]]>
              </value>
            </param>
            <param index="1">
              <value is-null="true"/>
            </param>
            <param index="2">
              <value is-null="true"/>
            </param>
            <param index="3">
              <value is-null="true"/>
            </param>
            <param index="4">
              <value is-null="true"/>
            </param>
            <param index="5">
              <value>
                <![CDATA[public void com.mo2o.mcfc.testcases.DatosExistentes.TC002(java.lang.String,java.lang.String,java.lang.String,java.lang.String,java.lang.String,java.lang.reflect.Method) throws java.lang.Exception]]>
              </value>
            </param>
          </params>
          <reporter-output>
          </reporter-output>
        </test-method> <!-- TC002 -->
        <test-method status="PASS" signature="close()[pri:0, instance:com.mo2o.mcfc.testcases.DatosExistentes@3774c880]" name="close" is-config="true" duration-ms="767" started-at="2015-06-01T20:20:38Z" finished-at="2015-06-01T20:20:39Z">
          <reporter-output>
          </reporter-output>
        </test-method> <!-- close -->
        <test-method status="PASS" signature="setupCapabilities(java.lang.String)[pri:0, instance:com.mo2o.mcfc.testcases.DatosExistentes@3774c880]" name="setupCapabilities" is-config="true" duration-ms="8724" started-at="2015-06-01T20:20:39Z" finished-at="2015-06-01T20:20:48Z">
          <params>
            <param index="0">
              <value>
                <![CDATA[030ed56ad02398ac]]>
              </value>
            </param>
          </params>
          <reporter-output>
          </reporter-output>
        </test-method> <!-- setupCapabilities -->
        <test-method status="PASS" signature="TC002(java.lang.String, java.lang.String, java.lang.String, java.lang.String, java.lang.String, java.lang.reflect.Method)[pri:0, instance:com.mo2o.mcfc.testcases.DatosExistentes@3774c880]" name="TC002" duration-ms="18821" started-at="2015-06-01T20:20:48Z" data-provider="DP1" finished-at="2015-06-01T20:21:06Z">
          <params>
            <param index="0">
              <value>
                <![CDATA[TC002]]>
              </value>
            </param>
            <param index="1">
              <value>
                <![CDATA[javier@mo2o.com]]>
              </value>
            </param>
            <param index="2">
              <value>
                <![CDATA[garbanzo1]]>
              </value>
            </param>
            <param index="3">
              <value>
                <![CDATA[]]>
              </value>
            </param>
            <param index="4">
              <value>
                <![CDATA[]]>
              </value>
            </param>
            <param index="5">
              <value>
                <![CDATA[public void com.mo2o.mcfc.testcases.DatosExistentes.TC002(java.lang.String,java.lang.String,java.lang.String,java.lang.String,java.lang.String,java.lang.reflect.Method) throws java.lang.Exception]]>
              </value>
            </param>
          </params>
          <reporter-output>
          </reporter-output>
        </test-method> <!-- TC002 -->
        <test-method status="PASS" signature="close()[pri:0, instance:com.mo2o.mcfc.testcases.DatosExistentes@3774c880]" name="close" is-config="true" duration-ms="947" started-at="2015-06-01T20:21:06Z" finished-at="2015-06-01T20:21:07Z">
          <reporter-output>
          </reporter-output>
        </test-method> <!-- close -->
      </class> <!-- com.mo2o.mcfc.testcases.DatosExistentes -->
    </test> <!-- Nexus5Blanco -->
    <test name="SGSV 5.0" duration-ms="83324" started-at="2015-06-01T18:19:52Z" finished-at="2015-06-01T18:21:15Z">
      <class name="com.mo2o.mcfc.testcases.DatosExistentes">
        <test-method status="PASS" signature="setupCapabilities(java.lang.String)[pri:0, instance:com.mo2o.mcfc.testcases.DatosExistentes@655bf451]" name="setupCapabilities" is-config="true" duration-ms="10677" started-at="2015-06-01T20:19:52Z" finished-at="2015-06-01T20:20:03Z">
          <params>
            <param index="0">
              <value>
                <![CDATA[a10796b7]]>
              </value>
            </param>
          </params>
          <reporter-output>
          </reporter-output>
        </test-method> <!-- setupCapabilities -->
        <test-method status="PASS" signature="TC001(java.lang.String, java.lang.String, java.lang.String, java.lang.String, java.lang.String, java.lang.reflect.Method)[pri:0, instance:com.mo2o.mcfc.testcases.DatosExistentes@655bf451]" name="TC001" duration-ms="21182" started-at="2015-06-01T20:20:03Z" data-provider="DP1" finished-at="2015-06-01T20:20:24Z">
          <params>
            <param index="0">
              <value>
                <![CDATA[TC001]]>
              </value>
            </param>
            <param index="1">
              <value>
                <![CDATA[javier@mo2o.com]]>
              </value>
            </param>
            <param index="2">
              <value>
                <![CDATA[garbanzo]]>
              </value>
            </param>
            <param index="3">
              <value>
                <![CDATA[]]>
              </value>
            </param>
            <param index="4">
              <value>
                <![CDATA[]]>
              </value>
            </param>
            <param index="5">
              <value>
                <![CDATA[public void com.mo2o.mcfc.testcases.DatosExistentes.TC001(java.lang.String,java.lang.String,java.lang.String,java.lang.String,java.lang.String,java.lang.reflect.Method) throws java.lang.Exception]]>
              </value>
            </param>
          </params>
          <reporter-output>
          </reporter-output>
        </test-method> <!-- TC001 -->
        <test-method status="PASS" signature="close()[pri:0, instance:com.mo2o.mcfc.testcases.DatosExistentes@655bf451]" name="close" is-config="true" duration-ms="705" started-at="2015-06-01T20:20:24Z" finished-at="2015-06-01T20:20:25Z">
          <reporter-output>
          </reporter-output>
        </test-method> <!-- close -->
        <test-method status="PASS" signature="setupCapabilities(java.lang.String)[pri:0, instance:com.mo2o.mcfc.testcases.DatosExistentes@655bf451]" name="setupCapabilities" is-config="true" duration-ms="9273" started-at="2015-06-01T20:20:25Z" finished-at="2015-06-01T20:20:34Z">
          <params>
            <param index="0">
              <value>
                <![CDATA[a10796b7]]>
              </value>
            </param>
          </params>
          <reporter-output>
          </reporter-output>
        </test-method> <!-- setupCapabilities -->
        <test-method status="PASS" signature="TC001(java.lang.String, java.lang.String, java.lang.String, java.lang.String, java.lang.String, java.lang.reflect.Method)[pri:0, instance:com.mo2o.mcfc.testcases.DatosExistentes@655bf451]" name="TC001" duration-ms="1" started-at="2015-06-01T20:20:34Z" data-provider="DP1" finished-at="2015-06-01T20:20:34Z">
          <params>
            <param index="0">
              <value>
                <![CDATA[TC002]]>
              </value>
            </param>
            <param index="1">
              <value is-null="true"/>
            </param>
            <param index="2">
              <value is-null="true"/>
            </param>
            <param index="3">
              <value is-null="true"/>
            </param>
            <param index="4">
              <value is-null="true"/>
            </param>
            <param index="5">
              <value>
                <![CDATA[public void com.mo2o.mcfc.testcases.DatosExistentes.TC001(java.lang.String,java.lang.String,java.lang.String,java.lang.String,java.lang.String,java.lang.reflect.Method) throws java.lang.Exception]]>
              </value>
            </param>
          </params>
          <reporter-output>
          </reporter-output>
        </test-method> <!-- TC001 -->
        <test-method status="PASS" signature="close()[pri:0, instance:com.mo2o.mcfc.testcases.DatosExistentes@655bf451]" name="close" is-config="true" duration-ms="617" started-at="2015-06-01T20:20:34Z" finished-at="2015-06-01T20:20:35Z">
          <reporter-output>
          </reporter-output>
        </test-method> <!-- close -->
        <test-method status="PASS" signature="setupCapabilities(java.lang.String)[pri:0, instance:com.mo2o.mcfc.testcases.DatosExistentes@655bf451]" name="setupCapabilities" is-config="true" duration-ms="8962" started-at="2015-06-01T20:20:35Z" finished-at="2015-06-01T20:20:44Z">
          <params>
            <param index="0">
              <value>
                <![CDATA[a10796b7]]>
              </value>
            </param>
          </params>
          <reporter-output>
          </reporter-output>
        </test-method> <!-- setupCapabilities -->
        <test-method status="PASS" signature="TC002(java.lang.String, java.lang.String, java.lang.String, java.lang.String, java.lang.String, java.lang.reflect.Method)[pri:0, instance:com.mo2o.mcfc.testcases.DatosExistentes@655bf451]" name="TC002" duration-ms="1" started-at="2015-06-01T20:20:44Z" data-provider="DP1" finished-at="2015-06-01T20:20:44Z">
          <params>
            <param index="0">
              <value>
                <![CDATA[TC001]]>
              </value>
            </param>
            <param index="1">
              <value is-null="true"/>
            </param>
            <param index="2">
              <value is-null="true"/>
            </param>
            <param index="3">
              <value is-null="true"/>
            </param>
            <param index="4">
              <value is-null="true"/>
            </param>
            <param index="5">
              <value>
                <![CDATA[public void com.mo2o.mcfc.testcases.DatosExistentes.TC002(java.lang.String,java.lang.String,java.lang.String,java.lang.String,java.lang.String,java.lang.reflect.Method) throws java.lang.Exception]]>
              </value>
            </param>
          </params>
          <reporter-output>
          </reporter-output>
        </test-method> <!-- TC002 -->
        <test-method status="PASS" signature="close()[pri:0, instance:com.mo2o.mcfc.testcases.DatosExistentes@655bf451]" name="close" is-config="true" duration-ms="590" started-at="2015-06-01T20:20:44Z" finished-at="2015-06-01T20:20:45Z">
          <reporter-output>
          </reporter-output>
        </test-method> <!-- close -->
        <test-method status="PASS" signature="setupCapabilities(java.lang.String)[pri:0, instance:com.mo2o.mcfc.testcases.DatosExistentes@655bf451]" name="setupCapabilities" is-config="true" duration-ms="9241" started-at="2015-06-01T20:20:45Z" finished-at="2015-06-01T20:20:54Z">
          <params>
            <param index="0">
              <value>
                <![CDATA[a10796b7]]>
              </value>
            </param>
          </params>
          <reporter-output>
          </reporter-output>
        </test-method> <!-- setupCapabilities -->
        <test-method status="PASS" signature="TC002(java.lang.String, java.lang.String, java.lang.String, java.lang.String, java.lang.String, java.lang.reflect.Method)[pri:0, instance:com.mo2o.mcfc.testcases.DatosExistentes@655bf451]" name="TC002" duration-ms="20950" started-at="2015-06-01T20:20:54Z" data-provider="DP1" finished-at="2015-06-01T20:21:15Z">
          <params>
            <param index="0">
              <value>
                <![CDATA[TC002]]>
              </value>
            </param>
            <param index="1">
              <value>
                <![CDATA[javier@mo2o.com]]>
              </value>
            </param>
            <param index="2">
              <value>
                <![CDATA[garbanzo1]]>
              </value>
            </param>
            <param index="3">
              <value>
                <![CDATA[]]>
              </value>
            </param>
            <param index="4">
              <value>
                <![CDATA[]]>
              </value>
            </param>
            <param index="5">
              <value>
                <![CDATA[public void com.mo2o.mcfc.testcases.DatosExistentes.TC002(java.lang.String,java.lang.String,java.lang.String,java.lang.String,java.lang.String,java.lang.reflect.Method) throws java.lang.Exception]]>
              </value>
            </param>
          </params>
          <reporter-output>
          </reporter-output>
        </test-method> <!-- TC002 -->
        <test-method status="PASS" signature="close()[pri:0, instance:com.mo2o.mcfc.testcases.DatosExistentes@655bf451]" name="close" is-config="true" duration-ms="615" started-at="2015-06-01T20:21:15Z" finished-at="2015-06-01T20:21:15Z">
          <reporter-output>
          </reporter-output>
        </test-method> <!-- close -->
      </class> <!-- com.mo2o.mcfc.testcases.DatosExistentes -->
    </test> <!-- SGSV 5.0 -->
  </suite> <!-- Suite -->
</testng-results>
